{"level":"info","message":"⌛ Building environment","timeElapsed":128,"timestamp":"2026-06-16T03:16:06.790Z"}
{"level":"info","message":"⌛ Validating ciudadFuturistaDiego.wlk","timeElapsed":104,"timestamp":"2026-06-16T03:16:07.264Z"}
{"level":"info","message":"⌛ Building environment","timeElapsed":127,"timestamp":"2026-06-16T03:16:07.487Z"}
{"level":"info","message":"⌛ Validating ciudadFuturistaDiego.wlk","timeElapsed":121,"timestamp":"2026-06-16T03:16:07.792Z"}
{"level":"info","message":"⌛ Building environment","timeElapsed":118,"timestamp":"2026-06-16T03:16:08.323Z"}
{"level":"info","message":"⌛ Validating ciudadFuturistaDiego.wlk","timeElapsed":107,"timestamp":"2026-06-16T03:16:08.539Z"}
{"level":"info","message":"⌛ Building environment","timeElapsed":117,"timestamp":"2026-06-16T03:16:10.583Z"}
{"level":"info","message":"⌛ Validating ciudadFuturistaDiego.wlk","timeElapsed":108,"timestamp":"2026-06-16T03:16:10.696Z"}
{"level":"info","message":"⌛ Building environment","timeElapsed":118,"timestamp":"2026-06-16T03:16:11.695Z"}
{"level":"info","message":"⌛ Validating ciudadFuturistaDiego.wlk","timeElapsed":105,"timestamp":"2026-06-16T03:16:11.805Z"}
{"level":"info","message":"⌛ Validating ciudadFuturistaDiego.wlk","timeElapsed":104,"timestamp":"2026-06-16T03:16:12.279Z"}
{"level":"info","message":"⌛ Building environment","timeElapsed":106,"timestamp":"2026-06-16T03:16:12.593Z"}
{"level":"info","message":"⌛ Validating ciudadFuturistaDiego.wlk","timeElapsed":106,"timestamp":"2026-06-16T03:16:12.727Z"}
{"level":"info","message":"⌛ Building environment","timeElapsed":101,"timestamp":"2026-06-16T03:16:13.115Z"}
{"level":"info","message":"⌛ Validating ciudadFuturistaDiego.wlk","timeElapsed":115,"timestamp":"2026-06-16T03:16:13.659Z"}
{"level":"info","message":"⌛ Building environment","timeElapsed":123,"timestamp":"2026-06-16T03:16:14.648Z"}
{"level":"info","message":"⌛ Validating ciudadFuturistaDiego.wlk","timeElapsed":118,"timestamp":"2026-06-16T03:16:14.958Z"}
{"level":"info","message":"⌛ Validating ciudadFuturistaDiego.wlk","timeElapsed":113,"timestamp":"2026-06-16T03:16:15.393Z"}
{"level":"error","message":"✘ Completions for node Parameter ([18:31, 18:32] - ciudadFuturistaDiego.wlk) failed: Error: [Parameter]{5b78c8} at ciudadFuturistaDiego.wlk:18 exhausted all cases without a match [Parameter]{5b78c8} at ciudadFuturistaDiego.wlk:18 exhausted all cases without a match","stack":"Error: [Parameter]{5b78c8} at ciudadFuturistaDiego.wlk:18 exhausted all cases without a match\n    at /home/diego/.vscode/extensions/uqbar.wollok-lsp-ide-0.5.4/out/server/src/server.js:38:6142\n    at L2 (/home/diego/.vscode/extensions/uqbar.wollok-lsp-ide-0.5.4/out/server/src/server.js:2389:42)\n    at /home/diego/.vscode/extensions/uqbar.wollok-lsp-ide-0.5.4/out/server/src/server.js:2389:2988\n    at /home/diego/.vscode/extensions/uqbar.wollok-lsp-ide-0.5.4/out/server/src/server.js:2398:8440\n    at /home/diego/.vscode/extensions/uqbar.wollok-lsp-ide-0.5.4/out/server/src/server.js:37:74872\n    at Ke (/home/diego/.vscode/extensions/uqbar.wollok-lsp-ide-0.5.4/out/server/src/server.js:7:8527)\n    at Lt (/home/diego/.vscode/extensions/uqbar.wollok-lsp-ide-0.5.4/out/server/src/server.js:7:6189)\n    at ct (/home/diego/.vscode/extensions/uqbar.wollok-lsp-ide-0.5.4/out/server/src/server.js:7:6378)\n    at Immediate._onImmediate (/home/diego/.vscode/extensions/uqbar.wollok-lsp-ide-0.5.4/out/server/src/server.js:7:6142)\n    at process.processImmediate (node:internal/timers:504:21)","timestamp":"2026-06-16T03:16:15.541Z"}
{"level":"error","message":"✘ Completions for node Parameter ([18:31, 18:34] - ciudadFuturistaDiego.wlk) failed: Error: [Parameter]{fc937a} at ciudadFuturistaDiego.wlk:18 exhausted all cases without a match [Parameter]{fc937a} at ciudadFuturistaDiego.wlk:18 exhausted all cases without a match","stack":"Error: [Parameter]{fc937a} at ciudadFuturistaDiego.wlk:18 exhausted all cases without a match\n    at /home/diego/.vscode/extensions/uqbar.wollok-lsp-ide-0.5.4/out/server/src/server.js:38:6142\n    at L2 (/home/diego/.vscode/extensions/uqbar.wollok-lsp-ide-0.5.4/out/server/src/server.js:2389:42)\n    at /home/diego/.vscode/extensions/uqbar.wollok-lsp-ide-0.5.4/out/server/src/server.js:2389:2988\n    at /home/diego/.vscode/extensions/uqbar.wollok-lsp-ide-0.5.4/out/server/src/server.js:2398:8440\n    at /home/diego/.vscode/extensions/uqbar.wollok-lsp-ide-0.5.4/out/server/src/server.js:37:74872\n    at Ke (/home/diego/.vscode/extensions/uqbar.wollok-lsp-ide-0.5.4/out/server/src/server.js:7:8527)\n    at Lt (/home/diego/.vscode/extensions/uqbar.wollok-lsp-ide-0.5.4/out/server/src/server.js:7:6189)\n    at ct (/home/diego/.vscode/extensions/uqbar.wollok-lsp-ide-0.5.4/out/server/src/server.js:7:6378)\n    at Immediate._onImmediate (/home/diego/.vscode/extensions/uqbar.wollok-lsp-ide-0.5.4/out/server/src/server.js:7:6142)\n    at process.processImmediate (node:internal/timers:504:21)","timestamp":"2026-06-16T03:16:16.058Z"}
{"level":"error","message":"✘ Completions for node Parameter ([18:31, 18:35] - ciudadFuturistaDiego.wlk) failed: Error: [Parameter]{25dc18} at ciudadFuturistaDiego.wlk:18 exhausted all cases without a match [Parameter]{25dc18} at ciudadFuturistaDiego.wlk:18 exhausted all cases without a match","stack":"Error: [Parameter]{25dc18} at ciudadFuturistaDiego.wlk:18 exhausted all cases without a match\n    at /home/diego/.vscode/extensions/uqbar.wollok-lsp-ide-0.5.4/out/server/src/server.js:38:6142\n    at L2 (/home/diego/.vscode/extensions/uqbar.wollok-lsp-ide-0.5.4/out/server/src/server.js:2389:42)\n    at /home/diego/.vscode/extensions/uqbar.wollok-lsp-ide-0.5.4/out/server/src/server.js:2389:2988\n    at /home/diego/.vscode/extensions/uqbar.wollok-lsp-ide-0.5.4/out/server/src/server.js:2398:8440\n    at /home/diego/.vscode/extensions/uqbar.wollok-lsp-ide-0.5.4/out/server/src/server.js:37:74872\n    at Ke (/home/diego/.vscode/extensions/uqbar.wollok-lsp-ide-0.5.4/out/server/src/server.js:7:8527)\n    at Lt (/home/diego/.vscode/extensions/uqbar.wollok-lsp-ide-0.5.4/out/server/src/server.js:7:6189)\n    at ct (/home/diego/.vscode/extensions/uqbar.wollok-lsp-ide-0.5.4/out/server/src/server.js:7:6378)\n    at Immediate._onImmediate (/home/diego/.vscode/extensions/uqbar.wollok-lsp-ide-0.5.4/out/server/src/server.js:7:6142)\n    at process.processImmediate (node:internal/timers:504:21)","timestamp":"2026-06-16T03:16:16.423Z"}
{"level":"error","message":"✘ Completions for node Parameter ([18:31, 18:36] - ciudadFuturistaDiego.wlk) failed: Error: [Parameter]{5e0ad0} at ciudadFuturistaDiego.wlk:18 exhausted all cases without a match [Parameter]{5e0ad0} at ciudadFuturistaDiego.wlk:18 exhausted all cases without a match","stack":"Error: [Parameter]{5e0ad0} at ciudadFuturistaDiego.wlk:18 exhausted all cases without a match\n    at /home/diego/.vscode/extensions/uqbar.wollok-lsp-ide-0.5.4/out/server/src/server.js:38:6142\n    at L2 (/home/diego/.vscode/extensions/uqbar.wollok-lsp-ide-0.5.4/out/server/src/server.js:2389:42)\n    at /home/diego/.vscode/extensions/uqbar.wollok-lsp-ide-0.5.4/out/server/src/server.js:2389:2988\n    at /home/diego/.vscode/extensions/uqbar.wollok-lsp-ide-0.5.4/out/server/src/server.js:2398:8440\n    at /home/diego/.vscode/extensions/uqbar.wollok-lsp-ide-0.5.4/out/server/src/server.js:37:74872\n    at Ke (/home/diego/.vscode/extensions/uqbar.wollok-lsp-ide-0.5.4/out/server/src/server.js:7:8527)\n    at Lt (/home/diego/.vscode/extensions/uqbar.wollok-lsp-ide-0.5.4/out/server/src/server.js:7:6189)\n    at ct (/home/diego/.vscode/extensions/uqbar.wollok-lsp-ide-0.5.4/out/server/src/server.js:7:6378)\n    at Immediate._onImmediate (/home/diego/.vscode/extensions/uqbar.wollok-lsp-ide-0.5.4/out/server/src/server.js:7:6142)\n    at process.processImmediate (node:internal/timers:504:21)","timestamp":"2026-06-16T03:16:16.633Z"}
{"level":"info","message":"⌛ Building environment","timeElapsed":109,"timestamp":"2026-06-16T03:16:17.756Z"}
{"level":"info","message":"⌛ Validating ciudadFuturistaDiego.wlk","timeElapsed":120,"timestamp":"2026-06-16T03:16:18.739Z"}
{"level":"info","message":"⌛ Building environment","timeElapsed":109,"timestamp":"2026-06-16T03:16:19.844Z"}
{"level":"info","message":"⌛ Building environment","timeElapsed":109,"timestamp":"2026-06-16T03:16:20.812Z"}
{"level":"info","message":"⌛ Validating ciudadFuturistaDiego.wlk","timeElapsed":123,"timestamp":"2026-06-16T03:16:22.235Z"}
{"level":"error","message":"✘ Completions for node Send ([19:9, 19:36] - ciudadFuturistaDiego.wlk) failed: Error: [Send]{bc9711} at ciudadFuturistaDiego.wlk:19 exhausted all cases without a match [Send]{bc9711} at ciudadFuturistaDiego.wlk:19 exhausted all cases without a match","stack":"Error: [Send]{bc9711} at ciudadFuturistaDiego.wlk:19 exhausted all cases without a match\n    at /home/diego/.vscode/extensions/uqbar.wollok-lsp-ide-0.5.4/out/server/src/server.js:38:6142\n    at L2 (/home/diego/.vscode/extensions/uqbar.wollok-lsp-ide-0.5.4/out/server/src/server.js:2389:42)\n    at Jh (/home/diego/.vscode/extensions/uqbar.wollok-lsp-ide-0.5.4/out/server/src/server.js:2389:1092)\n    at M5n (/home/diego/.vscode/extensions/uqbar.wollok-lsp-ide-0.5.4/out/server/src/server.js:2389:1248)\n    at /home/diego/.vscode/extensions/uqbar.wollok-lsp-ide-0.5.4/out/server/src/server.js:38:6131\n    at L2 (/home/diego/.vscode/extensions/uqbar.wollok-lsp-ide-0.5.4/out/server/src/server.js:2389:42)\n    at /home/diego/.vscode/extensions/uqbar.wollok-lsp-ide-0.5.4/out/server/src/server.js:2389:2988\n    at /home/diego/.vscode/extensions/uqbar.wollok-lsp-ide-0.5.4/out/server/src/server.js:2398:8440\n    at /home/diego/.vscode/extensions/uqbar.wollok-lsp-ide-0.5.4/out/server/src/server.js:37:74872\n    at Ke (/home/diego/.vscode/extensions/uqbar.wollok-lsp-ide-0.5.4/out/server/src/server.js:7:8527)","timestamp":"2026-06-16T03:16:23.073Z"}
{"level":"info","message":"⌛ Building environment","timeElapsed":120,"timestamp":"2026-06-16T03:16:23.297Z"}
{"level":"info","message":"⌛ Validating ciudadFuturistaDiego.wlk","timeElapsed":103,"timestamp":"2026-06-16T03:16:23.402Z"}
{"level":"info","message":"⌛ Validating ciudadFuturistaDiego.wlk","timeElapsed":106,"timestamp":"2026-06-16T03:16:23.964Z"}
{"level":"info","message":"⌛ Validating ciudadFuturistaDiego.wlk","timeElapsed":115,"timestamp":"2026-06-16T03:16:24.259Z"}
{"level":"info","message":"⌛ Building environment","timeElapsed":115,"timestamp":"2026-06-16T03:16:51.710Z"}
{"level":"info","message":"⌛ Building environment","timeElapsed":130,"timestamp":"2026-06-16T03:16:54.060Z"}
{"level":"info","message":"⌛ Validating ciudadFuturistaDiego.wlk","timeElapsed":110,"timestamp":"2026-06-16T03:16:54.335Z"}
{"level":"info","message":"⌛ Validating ciudadFuturistaDiego.wlk","timeElapsed":121,"timestamp":"2026-06-16T03:16:54.637Z"}
{"level":"error","message":"✘ Failed to rebuild document Failed to parse ciudadFuturistaDiego.wlk: \n-- PARSING FAILED --------------------------------------------------\n\n  2 |     var dronesEnEscuadron = 10\n  3 |     method\n> 4 | }\n    | ^\n  5 | object zona {\n  6 |   const tamanio = 0\n\nExpected one of the following: \n\n'!=', '!==', '%', '&&', '*', '**', '+', '-', '->', '..', '..<', '/', '<', '<<', '<<<', '<=', '<=>', '<>', '==', '===', '>', '>..', '>=', '>>', '>>>', '?:', '@', 'and', 'class', 'const', 'describe', 'invert', 'mixin', 'negate', 'object', 'only', 'or', 'package', 'plus', 'program', 'test', 'var', '{', '||', EOF, comment, identifier, not \"}\n\", whitespace\n","stack":"Error: Failed to parse ciudadFuturistaDiego.wlk: \n-- PARSING FAILED --------------------------------------------------\n\n  2 |     var dronesEnEscuadron = 10\n  3 |     method\n> 4 | }\n    | ^\n  5 | object zona {\n  6 |   const tamanio = 0\n\nExpected one of the following: \n\n'!=', '!==', '%', '&&', '*', '**', '+', '-', '->', '..', '..<', '/', '<', '<<', '<<<', '<=', '<=>', '<>', '==', '===', '>', '>..', '>=', '>>', '>>>', '?:', '@', 'and', 'class', 'const', 'describe', 'invert', 'mixin', 'negate', 'object', 'only', 'or', 'package', 'plus', 'program', 'test', 'var', '{', '||', EOF, comment, identifier, not \"}\n\", whitespace\n\n    at /home/diego/.vscode/extensions/uqbar.wollok-lsp-ide-0.5.4/out/server/src/server.js:2353:13026\n    at Array.map (<anonymous>)\n    at U1n (/home/diego/.vscode/extensions/uqbar.wollok-lsp-ide-0.5.4/out/server/src/server.js:2353:12950)\n    at H2.buildEnvironmentFrom (/home/diego/.vscode/extensions/uqbar.wollok-lsp-ide-0.5.4/out/server/src/server.js:2398:5254)\n    at H2.updateEnvironmentWith (/home/diego/.vscode/extensions/uqbar.wollok-lsp-ide-0.5.4/out/server/src/server.js:2398:4989)\n    at GF (/home/diego/.vscode/extensions/uqbar.wollok-lsp-ide-0.5.4/out/server/src/server.js:2398:7383)\n    at V3.invoke (/home/diego/.vscode/extensions/uqbar.wollok-lsp-ide-0.5.4/out/server/src/server.js:3:157328)\n    at o.fire (/home/diego/.vscode/extensions/uqbar.wollok-lsp-ide-0.5.4/out/server/src/server.js:3:158098)\n    at /home/diego/.vscode/extensions/uqbar.wollok-lsp-ide-0.5.4/out/server/src/server.js:37:57871\n    at nd (/home/diego/.vscode/extensions/uqbar.wollok-lsp-ide-0.5.4/out/server/src/server.js:8:1561)","timestamp":"2026-06-16T03:16:54.642Z"}
{"level":"error","message":"✘ Failed to rebuild document Failed to parse ciudadFuturistaDiego.wlk: \n-- PARSING FAILED --------------------------------------------------\n\n  2 |     var dronesEnEscuadron = 10\n  3 |     method \n> 4 | }\n    | ^\n  5 | object zona {\n  6 |   const tamanio = 0\n\nExpected one of the following: \n\n'!=', '!==', '%', '&&', '*', '**', '+', '-', '->', '..', '..<', '/', '<', '<<', '<<<', '<=', '<=>', '<>', '==', '===', '>', '>..', '>=', '>>', '>>>', '?:', '@', 'and', 'class', 'const', 'describe', 'invert', 'mixin', 'negate', 'object', 'only', 'or', 'package', 'plus', 'program', 'test', 'var', '{', '||', EOF, comment, identifier, not \"}\n\", whitespace\n","stack":"Error: Failed to parse ciudadFuturistaDiego.wlk: \n-- PARSING FAILED --------------------------------------------------\n\n  2 |     var dronesEnEscuadron = 10\n  3 |     method \n> 4 | }\n    | ^\n  5 | object zona {\n  6 |   const tamanio = 0\n\nExpected one of the following: \n\n'!=', '!==', '%', '&&', '*', '**', '+', '-', '->', '..', '..<', '/', '<', '<<', '<<<', '<=', '<=>', '<>', '==', '===', '>', '>..', '>=', '>>', '>>>', '?:', '@', 'and', 'class', 'const', 'describe', 'invert', 'mixin', 'negate', 'object', 'only', 'or', 'package', 'plus', 'program', 'test', 'var', '{', '||', EOF, comment, identifier, not \"}\n\", whitespace\n\n    at /home/diego/.vscode/extensions/uqbar.wollok-lsp-ide-0.5.4/out/server/src/server.js:2353:13026\n    at Array.map (<anonymous>)\n    at U1n (/home/diego/.vscode/extensions/uqbar.wollok-lsp-ide-0.5.4/out/server/src/server.js:2353:12950)\n    at H2.buildEnvironmentFrom (/home/diego/.vscode/extensions/uqbar.wollok-lsp-ide-0.5.4/out/server/src/server.js:2398:5254)\n    at H2.updateEnvironmentWith (/home/diego/.vscode/extensions/uqbar.wollok-lsp-ide-0.5.4/out/server/src/server.js:2398:4989)\n    at GF (/home/diego/.vscode/extensions/uqbar.wollok-lsp-ide-0.5.4/out/server/src/server.js:2398:7383)\n    at V3.invoke (/home/diego/.vscode/extensions/uqbar.wollok-lsp-ide-0.5.4/out/server/src/server.js:3:157328)\n    at o.fire (/home/diego/.vscode/extensions/uqbar.wollok-lsp-ide-0.5.4/out/server/src/server.js:3:158098)\n    at /home/diego/.vscode/extensions/uqbar.wollok-lsp-ide-0.5.4/out/server/src/server.js:37:57871\n    at nd (/home/diego/.vscode/extensions/uqbar.wollok-lsp-ide-0.5.4/out/server/src/server.js:8:1561)","timestamp":"2026-06-16T03:16:54.735Z"}
{"level":"info","message":"⌛ Validating ciudadFuturistaDiego.wlk","timeElapsed":109,"timestamp":"2026-06-16T03:16:57.424Z"}
{"level":"info","message":"⌛ Building environment","timeElapsed":125,"timestamp":"2026-06-16T03:16:57.641Z"}
{"level":"info","message":"⌛ Validating ciudadFuturistaDiego.wlk","timeElapsed":114,"timestamp":"2026-06-16T03:16:57.863Z"}
{"level":"info","message":"⌛ Validating ciudadFuturistaDiego.wlk","timeElapsed":120,"timestamp":"2026-06-16T03:16:58.442Z"}
{"level":"info","message":"⌛ Validating ciudadFuturistaDiego.wlk","timeElapsed":104,"timestamp":"2026-06-16T03:16:59.463Z"}
{"level":"info","message":"⌛ Validating ciudadFuturistaDiego.wlk","timeElapsed":101,"timestamp":"2026-06-16T03:16:59.749Z"}
{"level":"info","message":"⌛ Validating ciudadFuturistaDiego.wlk","timeElapsed":123,"timestamp":"2026-06-16T03:16:59.873Z"}
{"level":"info","message":"⌛ Building environment","timeElapsed":114,"timestamp":"2026-06-16T03:17:00.403Z"}
{"level":"info","message":"⌛ Building environment","timeElapsed":109,"timestamp":"2026-06-16T03:17:04.439Z"}
{"level":"error","message":"✘ Completions for node Return (undefined - ciudadFuturistaDiego.wlk) failed: Error: [Return]{e84aaf} at ciudadFuturistaDiego.wlk:-- exhausted all cases without a match [Return]{e84aaf} at ciudadFuturistaDiego.wlk:-- exhausted all cases without a match","stack":"Error: [Return]{e84aaf} at ciudadFuturistaDiego.wlk:-- exhausted all cases without a match\n    at /home/diego/.vscode/extensions/uqbar.wollok-lsp-ide-0.5.4/out/server/src/server.js:38:6142\n    at L2 (/home/diego/.vscode/extensions/uqbar.wollok-lsp-ide-0.5.4/out/server/src/server.js:2389:42)\n    at Jh (/home/diego/.vscode/extensions/uqbar.wollok-lsp-ide-0.5.4/out/server/src/server.js:2389:1092)\n    at M5n (/home/diego/.vscode/extensions/uqbar.wollok-lsp-ide-0.5.4/out/server/src/server.js:2389:1248)\n    at /home/diego/.vscode/extensions/uqbar.wollok-lsp-ide-0.5.4/out/server/src/server.js:38:6131\n    at L2 (/home/diego/.vscode/extensions/uqbar.wollok-lsp-ide-0.5.4/out/server/src/server.js:2389:42)\n    at /home/diego/.vscode/extensions/uqbar.wollok-lsp-ide-0.5.4/out/server/src/server.js:2389:2988\n    at /home/diego/.vscode/extensions/uqbar.wollok-lsp-ide-0.5.4/out/server/src/server.js:2398:8440\n    at /home/diego/.vscode/extensions/uqbar.wollok-lsp-ide-0.5.4/out/server/src/server.js:37:74872\n    at Ke (/home/diego/.vscode/extensions/uqbar.wollok-lsp-ide-0.5.4/out/server/src/server.js:7:8527)","timestamp":"2026-06-16T03:17:04.470Z"}
{"level":"info","message":"⌛ Validating ciudadFuturistaDiego.wlk","timeElapsed":102,"timestamp":"2026-06-16T03:17:04.574Z"}
{"level":"info","message":"⌛ Validating ciudadFuturistaDiego.wlk","timeElapsed":124,"timestamp":"2026-06-16T03:17:04.963Z"}
{"level":"info","message":"⌛ Building environment","timeElapsed":104,"timestamp":"2026-06-16T03:17:17.004Z"}
{"level":"info","message":"⌛ Building environment","timeElapsed":119,"timestamp":"2026-06-16T03:17:18.008Z"}
{"level":"info","message":"⌛ Validating ciudadFuturistaDiego.wlk","timeElapsed":112,"timestamp":"2026-06-16T03:17:18.148Z"}
{"level":"info","message":"⌛ Validating ciudadFuturistaDiego.wlk","timeElapsed":101,"timestamp":"2026-06-16T03:17:18.484Z"}
{"level":"info","message":"⌛ Building environment","timeElapsed":123,"timestamp":"2026-06-16T03:17:18.815Z"}
{"level":"info","message":"⌛ Validating ciudadFuturistaDiego.wlk","timeElapsed":111,"timestamp":"2026-06-16T03:17:19.002Z"}
{"level":"info","message":"⌛ Building environment","timeElapsed":111,"timestamp":"2026-06-16T03:17:24.828Z"}
{"level":"info","message":"⌛ Building environment","timeElapsed":114,"timestamp":"2026-06-16T03:17:25.094Z"}
{"level":"info","message":"⌛ Building environment","timeElapsed":121,"timestamp":"2026-06-16T03:17:25.327Z"}
{"level":"info","message":"⌛ Validating ciudadFuturistaDiego.wlk","timeElapsed":111,"timestamp":"2026-06-16T03:17:25.441Z"}
{"level":"info","message":"⌛ Validating ciudadFuturistaDiego.wlk","timeElapsed":115,"timestamp":"2026-06-16T03:17:25.988Z"}
{"level":"info","message":"⌛ Building environment","timeElapsed":133,"timestamp":"2026-06-16T03:17:28.382Z"}
{"level":"info","message":"⌛ Validating ciudadFuturistaDiego.wlk","timeElapsed":101,"timestamp":"2026-06-16T03:17:28.569Z"}
{"level":"info","message":"⌛ Building environment","timeElapsed":122,"timestamp":"2026-06-16T03:17:30.315Z"}
{"level":"info","message":"⌛ Validating ciudadFuturistaDiego.wlk","timeElapsed":124,"timestamp":"2026-06-16T03:17:40.865Z"}
{"level":"info","message":"⌛ Building environment","timeElapsed":102,"timestamp":"2026-06-16T03:17:48.337Z"}
{"level":"info","message":"⌛ Building environment","timeElapsed":107,"timestamp":"2026-06-16T03:17:49.044Z"}
{"level":"error","message":"✘ Completions for node Send ([21:13, 21:50] - ciudadFuturistaDiego.wlk) failed: Error: [Send]{c07f28} at ciudadFuturistaDiego.wlk:21 exhausted all cases without a match [Send]{c07f28} at ciudadFuturistaDiego.wlk:21 exhausted all cases without a match","stack":"Error: [Send]{c07f28} at ciudadFuturistaDiego.wlk:21 exhausted all cases without a match\n    at /home/diego/.vscode/extensions/uqbar.wollok-lsp-ide-0.5.4/out/server/src/server.js:38:6142\n    at L2 (/home/diego/.vscode/extensions/uqbar.wollok-lsp-ide-0.5.4/out/server/src/server.js:2389:42)\n    at Jh (/home/diego/.vscode/extensions/uqbar.wollok-lsp-ide-0.5.4/out/server/src/server.js:2389:1092)\n    at M5n (/home/diego/.vscode/extensions/uqbar.wollok-lsp-ide-0.5.4/out/server/src/server.js:2389:1248)\n    at /home/diego/.vscode/extensions/uqbar.wollok-lsp-ide-0.5.4/out/server/src/server.js:38:6131\n    at L2 (/home/diego/.vscode/extensions/uqbar.wollok-lsp-ide-0.5.4/out/server/src/server.js:2389:42)\n    at /home/diego/.vscode/extensions/uqbar.wollok-lsp-ide-0.5.4/out/server/src/server.js:2389:2988\n    at /home/diego/.vscode/extensions/uqbar.wollok-lsp-ide-0.5.4/out/server/src/server.js:2398:8440\n    at /home/diego/.vscode/extensions/uqbar.wollok-lsp-ide-0.5.4/out/server/src/server.js:37:74872\n    at Ke (/home/diego/.vscode/extensions/uqbar.wollok-lsp-ide-0.5.4/out/server/src/server.js:7:8527)","timestamp":"2026-06-16T03:17:52.766Z"}
{"level":"error","message":"✘ Completions for node If ([21:9, 22:41] - ciudadFuturistaDiego.wlk) failed: Error: [If]{f19d5d} at ciudadFuturistaDiego.wlk:21 exhausted all cases without a match [If]{f19d5d} at ciudadFuturistaDiego.wlk:21 exhausted all cases without a match","stack":"Error: [If]{f19d5d} at ciudadFuturistaDiego.wlk:21 exhausted all cases without a match\n    at /home/diego/.vscode/extensions/uqbar.wollok-lsp-ide-0.5.4/out/server/src/server.js:38:6142\n    at L2 (/home/diego/.vscode/extensions/uqbar.wollok-lsp-ide-0.5.4/out/server/src/server.js:2389:42)\n    at Jh (/home/diego/.vscode/extensions/uqbar.wollok-lsp-ide-0.5.4/out/server/src/server.js:2389:1092)\n    at L2 (/home/diego/.vscode/extensions/uqbar.wollok-lsp-ide-0.5.4/out/server/src/server.js:2389:544)\n    at Jh (/home/diego/.vscode/extensions/uqbar.wollok-lsp-ide-0.5.4/out/server/src/server.js:2389:1092)\n    at M5n (/home/diego/.vscode/extensions/uqbar.wollok-lsp-ide-0.5.4/out/server/src/server.js:2389:1248)\n    at /home/diego/.vscode/extensions/uqbar.wollok-lsp-ide-0.5.4/out/server/src/server.js:38:6131\n    at L2 (/home/diego/.vscode/extensions/uqbar.wollok-lsp-ide-0.5.4/out/server/src/server.js:2389:42)\n    at /home/diego/.vscode/extensions/uqbar.wollok-lsp-ide-0.5.4/out/server/src/server.js:2389:2988\n    at /home/diego/.vscode/extensions/uqbar.wollok-lsp-ide-0.5.4/out/server/src/server.js:2398:8440","timestamp":"2026-06-16T03:17:52.766Z"}
{"level":"info","message":"⌛ Building environment","timeElapsed":131,"timestamp":"2026-06-16T03:17:53.001Z"}
{"level":"info","message":"⌛ Validating ciudadFuturistaDiego.wlk","timeElapsed":102,"timestamp":"2026-06-16T03:17:53.105Z"}
{"level":"info","message":"⌛ Building environment","timeElapsed":106,"timestamp":"2026-06-16T03:17:54.359Z"}
{"level":"info","message":"⌛ Building environment","timeElapsed":105,"timestamp":"2026-06-16T03:17:58.122Z"}
{"level":"info","message":"⌛ Building environment","timeElapsed":110,"timestamp":"2026-06-16T03:18:09.736Z"}
{"level":"info","message":"⌛ Validating ciudadFuturistaDiego.wlk","timeElapsed":109,"timestamp":"2026-06-16T03:18:09.850Z"}
{"level":"info","message":"⌛ Building environment","timeElapsed":107,"timestamp":"2026-06-16T03:18:11.447Z"}
{"level":"error","message":"✘ Completions for node If ([21:9, 23:10] - ciudadFuturistaDiego.wlk) failed: Error: [If]{4ff3cd} at ciudadFuturistaDiego.wlk:21 exhausted all cases without a match [If]{4ff3cd} at ciudadFuturistaDiego.wlk:21 exhausted all cases without a match","stack":"Error: [If]{4ff3cd} at ciudadFuturistaDiego.wlk:21 exhausted all cases without a match\n    at /home/diego/.vscode/extensions/uqbar.wollok-lsp-ide-0.5.4/out/server/src/server.js:38:6142\n    at L2 (/home/diego/.vscode/extensions/uqbar.wollok-lsp-ide-0.5.4/out/server/src/server.js:2389:42)\n    at Jh (/home/diego/.vscode/extensions/uqbar.wollok-lsp-ide-0.5.4/out/server/src/server.js:2389:1092)\n    at v5n (/home/diego/.vscode/extensions/uqbar.wollok-lsp-ide-0.5.4/out/server/src/server.js:2389:818)\n    at /home/diego/.vscode/extensions/uqbar.wollok-lsp-ide-0.5.4/out/server/src/server.js:38:6131\n    at L2 (/home/diego/.vscode/extensions/uqbar.wollok-lsp-ide-0.5.4/out/server/src/server.js:2389:42)\n    at Jh (/home/diego/.vscode/extensions/uqbar.wollok-lsp-ide-0.5.4/out/server/src/server.js:2389:1092)\n    at M5n (/home/diego/.vscode/extensions/uqbar.wollok-lsp-ide-0.5.4/out/server/src/server.js:2389:1248)\n    at /home/diego/.vscode/extensions/uqbar.wollok-lsp-ide-0.5.4/out/server/src/server.js:38:6131\n    at L2 (/home/diego/.vscode/extensions/uqbar.wollok-lsp-ide-0.5.4/out/server/src/server.js:2389:42)","timestamp":"2026-06-16T03:18:12.549Z"}
{"level":"info","message":"⌛ Validating ciudadFuturistaDiego.wlk","timeElapsed":102,"timestamp":"2026-06-16T03:18:12.928Z"}
{"level":"info","message":"⌛ Validating ciudadFuturistaDiego.wlk","timeElapsed":113,"timestamp":"2026-06-16T03:18:13.234Z"}
{"level":"info","message":"⌛ Building environment","timeElapsed":115,"timestamp":"2026-06-16T03:18:13.894Z"}
{"level":"info","message":"⌛ Validating ciudadFuturistaDiego.wlk","timeElapsed":119,"timestamp":"2026-06-16T03:18:14.583Z"}
{"level":"info","message":"⌛ Building environment","timeElapsed":111,"timestamp":"2026-06-16T03:18:18.851Z"}
{"level":"info","message":"⌛ Building environment","timeElapsed":102,"timestamp":"2026-06-16T03:18:20.296Z"}
{"level":"info","message":"⌛ Building environment","timeElapsed":123,"timestamp":"2026-06-16T03:18:20.599Z"}
{"level":"info","message":"⌛ Validating ciudadFuturistaDiego.wlk","timeElapsed":102,"timestamp":"2026-06-16T03:18:20.702Z"}
{"level":"info","message":"⌛ Building environment","timeElapsed":120,"timestamp":"2026-06-16T03:18:21.275Z"}
{"level":"info","message":"⌛ Validating ciudadFuturistaDiego.wlk","timeElapsed":101,"timestamp":"2026-06-16T03:18:21.650Z"}
{"level":"info","message":"⌛ Validating ciudadFuturistaDiego.wlk","timeElapsed":111,"timestamp":"2026-06-16T03:18:21.835Z"}
{"level":"info","message":"⌛ Validating ciudadFuturistaDiego.wlk","timeElapsed":113,"timestamp":"2026-06-16T03:18:21.949Z"}
{"level":"info","message":"⌛ Building environment","timeElapsed":127,"timestamp":"2026-06-16T03:18:22.604Z"}
{"level":"info","message":"⌛ Validating ciudadFuturistaDiego.wlk","timeElapsed":107,"timestamp":"2026-06-16T03:18:22.711Z"}
{"level":"info","message":"⌛ Building environment","timeElapsed":107,"timestamp":"2026-06-16T03:18:22.819Z"}
{"level":"info","message":"⌛ Building environment","timeElapsed":117,"timestamp":"2026-06-16T03:18:23.462Z"}
{"level":"info","message":"⌛ Validating ciudadFuturistaDiego.wlk","timeElapsed":107,"timestamp":"2026-06-16T03:18:23.569Z"}
{"level":"info","message":"⌛ Validating ciudadFuturistaDiego.wlk","timeElapsed":114,"timestamp":"2026-06-16T03:18:24.469Z"}
{"level":"info","message":"⌛ Building environment","timeElapsed":127,"timestamp":"2026-06-16T03:18:25.671Z"}
{"level":"info","message":"⌛ Building environment","timeElapsed":107,"timestamp":"2026-06-16T03:18:30.783Z"}
{"level":"error","message":"✘ Completions for node If ([21:9, 25:41] - ciudadFuturistaDiego.wlk) failed: Error: [If]{046b1b} at ciudadFuturistaDiego.wlk:21 exhausted all cases without a match [If]{046b1b} at ciudadFuturistaDiego.wlk:21 exhausted all cases without a match","stack":"Error: [If]{046b1b} at ciudadFuturistaDiego.wlk:21 exhausted all cases without a match\n    at /home/diego/.vscode/extensions/uqbar.wollok-lsp-ide-0.5.4/out/server/src/server.js:38:6142\n    at L2 (/home/diego/.vscode/extensions/uqbar.wollok-lsp-ide-0.5.4/out/server/src/server.js:2389:42)\n    at /home/diego/.vscode/extensions/uqbar.wollok-lsp-ide-0.5.4/out/server/src/server.js:2389:2988\n    at /home/diego/.vscode/extensions/uqbar.wollok-lsp-ide-0.5.4/out/server/src/server.js:2398:8440\n    at /home/diego/.vscode/extensions/uqbar.wollok-lsp-ide-0.5.4/out/server/src/server.js:37:74872\n    at Ke (/home/diego/.vscode/extensions/uqbar.wollok-lsp-ide-0.5.4/out/server/src/server.js:7:8527)\n    at Lt (/home/diego/.vscode/extensions/uqbar.wollok-lsp-ide-0.5.4/out/server/src/server.js:7:6189)\n    at ct (/home/diego/.vscode/extensions/uqbar.wollok-lsp-ide-0.5.4/out/server/src/server.js:7:6378)\n    at Immediate._onImmediate (/home/diego/.vscode/extensions/uqbar.wollok-lsp-ide-0.5.4/out/server/src/server.js:7:6142)\n    at process.processImmediate (node:internal/timers:504:21)","timestamp":"2026-06-16T03:18:31.978Z"}
{"level":"info","message":"⌛ Building environment","timeElapsed":209,"timestamp":"2026-06-16T03:18:38.554Z"}
{"level":"info","message":"⌛ Building environment","timeElapsed":101,"timestamp":"2026-06-16T03:18:39.855Z"}
{"level":"info","message":"⌛ Building environment","timeElapsed":104,"timestamp":"2026-06-16T03:19:03.790Z"}
{"level":"info","message":"⌛ Building environment","timeElapsed":118,"timestamp":"2026-06-16T03:20:14.135Z"}
{"level":"info","message":"⌛ Validating ciudadFuturistaDiego.wlk","timeElapsed":133,"timestamp":"2026-06-16T03:20:14.271Z"}
{"level":"info","message":"⌛ Building environment","timeElapsed":101,"timestamp":"2026-06-16T03:20:19.125Z"}
{"level":"info","message":"⌛ Validating ciudadFuturistaDiego.wlk","timeElapsed":132,"timestamp":"2026-06-16T03:20:19.850Z"}
{"level":"info","message":"⌛ Validating ciudadFuturistaDiego.wlk","timeElapsed":103,"timestamp":"2026-06-16T03:20:35.002Z"}
{"level":"error","message":"✘ Failed to rebuild document Failed to parse ciudadFuturistaDiego.wlk: \n-- PARSING FAILED --------------------------------------------------\n\n   8 |   method consultarTamanio() = tamanio\n   9 |   method\n> 10 | }\n     | ^\n  11 | class Escuadron {\n  12 |     const dronesPertenecientes = []\n\nExpected one of the following: \n\n'!=', '!==', '%', '&&', '*', '**', '+', '-', '->', '..', '..<', '/', '<', '<<', '<<<', '<=', '<=>', '<>', '==', '===', '>', '>..', '>=', '>>', '>>>', '?:', '@', 'and', 'class', 'const', 'describe', 'invert', 'mixin', 'negate', 'object', 'only', 'or', 'package', 'plus', 'program', 'test', 'var', '{', '||', EOF, comment, identifier, not \"}\n\", whitespace\n","stack":"Error: Failed to parse ciudadFuturistaDiego.wlk: \n-- PARSING FAILED --------------------------------------------------\n\n   8 |   method consultarTamanio() = tamanio\n   9 |   method\n> 10 | }\n     | ^\n  11 | class Escuadron {\n  12 |     const dronesPertenecientes = []\n\nExpected one of the following: \n\n'!=', '!==', '%', '&&', '*', '**', '+', '-', '->', '..', '..<', '/', '<', '<<', '<<<', '<=', '<=>', '<>', '==', '===', '>', '>..', '>=', '>>', '>>>', '?:', '@', 'and', 'class', 'const', 'describe', 'invert', 'mixin', 'negate', 'object', 'only', 'or', 'package', 'plus', 'program', 'test', 'var', '{', '||', EOF, comment, identifier, not \"}\n\", whitespace\n\n    at /home/diego/.vscode/extensions/uqbar.wollok-lsp-ide-0.5.4/out/server/src/server.js:2353:13026\n    at Array.map (<anonymous>)\n    at U1n (/home/diego/.vscode/extensions/uqbar.wollok-lsp-ide-0.5.4/out/server/src/server.js:2353:12950)\n    at H2.buildEnvironmentFrom (/home/diego/.vscode/extensions/uqbar.wollok-lsp-ide-0.5.4/out/server/src/server.js:2398:5254)\n    at H2.updateEnvironmentWith (/home/diego/.vscode/extensions/uqbar.wollok-lsp-ide-0.5.4/out/server/src/server.js:2398:4989)\n    at GF (/home/diego/.vscode/extensions/uqbar.wollok-lsp-ide-0.5.4/out/server/src/server.js:2398:7383)\n    at V3.invoke (/home/diego/.vscode/extensions/uqbar.wollok-lsp-ide-0.5.4/out/server/src/server.js:3:157328)\n    at o.fire (/home/diego/.vscode/extensions/uqbar.wollok-lsp-ide-0.5.4/out/server/src/server.js:3:158098)\n    at /home/diego/.vscode/extensions/uqbar.wollok-lsp-ide-0.5.4/out/server/src/server.js:37:57871\n    at nd (/home/diego/.vscode/extensions/uqbar.wollok-lsp-ide-0.5.4/out/server/src/server.js:8:1561)","timestamp":"2026-06-16T03:20:36.339Z"}
{"level":"error","message":"✘ Failed to rebuild document Failed to parse ciudadFuturistaDiego.wlk: \n-- PARSING FAILED --------------------------------------------------\n\n   8 |   method consultarTamanio() = tamanio\n   9 |   method \n> 10 | }\n     | ^\n  11 | class Escuadron {\n  12 |     const dronesPertenecientes = []\n\nExpected one of the following: \n\n'!=', '!==', '%', '&&', '*', '**', '+', '-', '->', '..', '..<', '/', '<', '<<', '<<<', '<=', '<=>', '<>', '==', '===', '>', '>..', '>=', '>>', '>>>', '?:', '@', 'and', 'class', 'const', 'describe', 'invert', 'mixin', 'negate', 'object', 'only', 'or', 'package', 'plus', 'program', 'test', 'var', '{', '||', EOF, comment, identifier, not \"}\n\", whitespace\n","stack":"Error: Failed to parse ciudadFuturistaDiego.wlk: \n-- PARSING FAILED --------------------------------------------------\n\n   8 |   method consultarTamanio() = tamanio\n   9 |   method \n> 10 | }\n     | ^\n  11 | class Escuadron {\n  12 |     const dronesPertenecientes = []\n\nExpected one of the following: \n\n'!=', '!==', '%', '&&', '*', '**', '+', '-', '->', '..', '..<', '/', '<', '<<', '<<<', '<=', '<=>', '<>', '==', '===', '>', '>..', '>=', '>>', '>>>', '?:', '@', 'and', 'class', 'const', 'describe', 'invert', 'mixin', 'negate', 'object', 'only', 'or', 'package', 'plus', 'program', 'test', 'var', '{', '||', EOF, comment, identifier, not \"}\n\", whitespace\n\n    at /home/diego/.vscode/extensions/uqbar.wollok-lsp-ide-0.5.4/out/server/src/server.js:2353:13026\n    at Array.map (<anonymous>)\n    at U1n (/home/diego/.vscode/extensions/uqbar.wollok-lsp-ide-0.5.4/out/server/src/server.js:2353:12950)\n    at H2.buildEnvironmentFrom (/home/diego/.vscode/extensions/uqbar.wollok-lsp-ide-0.5.4/out/server/src/server.js:2398:5254)\n    at H2.updateEnvironmentWith (/home/diego/.vscode/extensions/uqbar.wollok-lsp-ide-0.5.4/out/server/src/server.js:2398:4989)\n    at GF (/home/diego/.vscode/extensions/uqbar.wollok-lsp-ide-0.5.4/out/server/src/server.js:2398:7383)\n    at V3.invoke (/home/diego/.vscode/extensions/uqbar.wollok-lsp-ide-0.5.4/out/server/src/server.js:3:157328)\n    at o.fire (/home/diego/.vscode/extensions/uqbar.wollok-lsp-ide-0.5.4/out/server/src/server.js:3:158098)\n    at /home/diego/.vscode/extensions/uqbar.wollok-lsp-ide-0.5.4/out/server/src/server.js:37:57871\n    at nd (/home/diego/.vscode/extensions/uqbar.wollok-lsp-ide-0.5.4/out/server/src/server.js:8:1561)","timestamp":"2026-06-16T03:20:36.430Z"}
{"level":"info","message":"⌛ Validating ciudadFuturistaDiego.wlk","timeElapsed":130,"timestamp":"2026-06-16T03:20:39.014Z"}
{"level":"info","message":"⌛ Building environment","timeElapsed":110,"timestamp":"2026-06-16T03:20:48.542Z"}
{"level":"info","message":"⌛ Building environment","timeElapsed":103,"timestamp":"2026-06-16T03:20:50.070Z"}
{"level":"info","message":"⌛ Building environment","timeElapsed":103,"timestamp":"2026-06-16T03:20:51.648Z"}
{"level":"info","message":"⌛ Building environment","timeElapsed":125,"timestamp":"2026-06-16T03:20:52.172Z"}
{"level":"info","message":"⌛ Building environment","timeElapsed":103,"timestamp":"2026-06-16T03:21:04.952Z"}
{"level":"info","message":"⌛ Building environment","timeElapsed":103,"timestamp":"2026-06-16T03:21:10.496Z"}
{"level":"info","message":"⌛ Validating ciudadFuturistaDiego.wlk","timeElapsed":117,"timestamp":"2026-06-16T03:21:13.332Z"}
{"level":"info","message":"⌛ Validating ciudadFuturistaDiego.wlk","timeElapsed":111,"timestamp":"2026-06-16T03:21:14.430Z"}
{"level":"info","message":"⌛ Building environment","timeElapsed":105,"timestamp":"2026-06-16T03:21:25.718Z"}
{"level":"info","message":"⌛ Building environment","timeElapsed":108,"timestamp":"2026-06-16T03:21:30.383Z"}
{"level":"info","message":"⌛ Building environment","timeElapsed":102,"timestamp":"2026-06-16T03:21:31.156Z"}
{"level":"info","message":"⌛ Building environment","timeElapsed":104,"timestamp":"2026-06-16T03:21:32.553Z"}
{"level":"info","message":"⌛ Building environment","timeElapsed":182,"timestamp":"2026-06-16T03:21:35.655Z"}
{"level":"info","message":"⌛ Validating ciudadFuturistaDiego.wlk","timeElapsed":129,"timestamp":"2026-06-16T03:21:35.875Z"}
{"level":"info","message":"⌛ Building environment","timeElapsed":113,"timestamp":"2026-06-16T03:21:36.083Z"}
{"level":"info","message":"⌛ Building environment","timeElapsed":112,"timestamp":"2026-06-16T03:21:37.733Z"}
{"level":"info","message":"⌛ Building environment","timeElapsed":229,"timestamp":"2026-06-16T03:22:00.759Z"}
{"level":"info","message":"⌛ Building environment","timeElapsed":105,"timestamp":"2026-06-16T03:22:12.725Z"}
{"level":"info","message":"⌛ Building environment","timeElapsed":133,"timestamp":"2026-06-16T03:22:13.457Z"}
{"level":"info","message":"⌛ Validating ciudadFuturistaDiego.wlk","timeElapsed":102,"timestamp":"2026-06-16T03:22:14.532Z"}
{"level":"info","message":"⌛ Validating ciudadFuturistaDiego.wlk","timeElapsed":128,"timestamp":"2026-06-16T03:22:14.987Z"}
{"level":"info","message":"⌛ Building environment","timeElapsed":149,"timestamp":"2026-06-16T03:22:19.948Z"}
{"level":"info","message":"⌛ Building environment","timeElapsed":102,"timestamp":"2026-06-16T03:22:24.961Z"}
{"level":"info","message":"⌛ Validating ciudadFuturistaDiego.wlk","timeElapsed":103,"timestamp":"2026-06-16T03:22:25.066Z"}
{"level":"info","message":"⌛ Building environment","timeElapsed":102,"timestamp":"2026-06-16T03:22:28.346Z"}
{"level":"info","message":"⌛ Building environment","timeElapsed":111,"timestamp":"2026-06-16T03:22:29.628Z"}
{"level":"info","message":"⌛ Validating ciudadFuturistaDiego.wlk","timeElapsed":102,"timestamp":"2026-06-16T03:22:29.977Z"}
{"level":"info","message":"⌛ Building environment","timeElapsed":106,"timestamp":"2026-06-16T03:22:49.007Z"}
{"level":"info","message":"⌛ Validating ciudadFuturistaDiego.wlk","timeElapsed":112,"timestamp":"2026-06-16T03:22:49.236Z"}
{"level":"info","message":"⌛ Building environment","timeElapsed":112,"timestamp":"2026-06-16T03:22:49.941Z"}
{"level":"info","message":"⌛ Validating ciudadFuturistaDiego.wlk","timeElapsed":108,"timestamp":"2026-06-16T03:22:53.384Z"}
{"level":"info","message":"⌛ Validating ciudadFuturistaDiego.wlk","timeElapsed":103,"timestamp":"2026-06-16T03:22:53.761Z"}
{"level":"info","message":"⌛ Building environment","timeElapsed":113,"timestamp":"2026-06-16T03:23:00.589Z"}
{"level":"info","message":"⌛ Validating ciudadFuturistaDiego.wlk","timeElapsed":102,"timestamp":"2026-06-16T03:23:01.104Z"}
{"level":"info","message":"⌛ Building environment","timeElapsed":115,"timestamp":"2026-06-16T03:23:02.767Z"}
{"level":"info","message":"⌛ Building environment","timeElapsed":104,"timestamp":"2026-06-16T03:23:05.077Z"}
{"level":"info","message":"⌛ Building environment","timeElapsed":155,"timestamp":"2026-06-16T03:23:07.160Z"}
{"level":"info","message":"⌛ Building environment","timeElapsed":102,"timestamp":"2026-06-16T03:23:08.067Z"}
{"level":"info","message":"⌛ Building environment","timeElapsed":101,"timestamp":"2026-06-16T03:23:09.972Z"}
{"level":"info","message":"⌛ Building environment","timeElapsed":104,"timestamp":"2026-06-16T03:23:11.766Z"}
{"level":"info","message":"⌛ Building environment","timeElapsed":132,"timestamp":"2026-06-16T03:23:20.530Z"}
{"level":"info","message":"⌛ Validating ciudadFuturistaDiego.wlk","timeElapsed":101,"timestamp":"2026-06-16T03:23:20.634Z"}
{"level":"info","message":"⌛ Building environment","timeElapsed":112,"timestamp":"2026-06-16T03:23:21.270Z"}
{"level":"info","message":"⌛ Validating ciudadFuturistaDiego.wlk","timeElapsed":101,"timestamp":"2026-06-16T03:23:21.688Z"}
{"level":"info","message":"⌛ Building environment","timeElapsed":101,"timestamp":"2026-06-16T03:23:22.178Z"}
{"level":"info","message":"⌛ Building environment","timeElapsed":123,"timestamp":"2026-06-16T03:23:24.608Z"}
{"level":"info","message":"⌛ Building environment","timeElapsed":120,"timestamp":"2026-06-16T03:23:36.856Z"}
{"level":"info","message":"⌛ Building environment","timeElapsed":109,"timestamp":"2026-06-16T03:23:38.403Z"}
{"level":"error","message":"✘ Completions for node Return (undefined - ciudadFuturistaDiego.wlk) failed: Error: [Return]{e0afca} at ciudadFuturistaDiego.wlk:-- exhausted all cases without a match [Return]{e0afca} at ciudadFuturistaDiego.wlk:-- exhausted all cases without a match","stack":"Error: [Return]{e0afca} at ciudadFuturistaDiego.wlk:-- exhausted all cases without a match\n    at /home/diego/.vscode/extensions/uqbar.wollok-lsp-ide-0.5.4/out/server/src/server.js:38:6142\n    at L2 (/home/diego/.vscode/extensions/uqbar.wollok-lsp-ide-0.5.4/out/server/src/server.js:2389:42)\n    at Jh (/home/diego/.vscode/extensions/uqbar.wollok-lsp-ide-0.5.4/out/server/src/server.js:2389:1092)\n    at M5n (/home/diego/.vscode/extensions/uqbar.wollok-lsp-ide-0.5.4/out/server/src/server.js:2389:1248)\n    at /home/diego/.vscode/extensions/uqbar.wollok-lsp-ide-0.5.4/out/server/src/server.js:38:6131\n    at L2 (/home/diego/.vscode/extensions/uqbar.wollok-lsp-ide-0.5.4/out/server/src/server.js:2389:42)\n    at /home/diego/.vscode/extensions/uqbar.wollok-lsp-ide-0.5.4/out/server/src/server.js:2389:2988\n    at /home/diego/.vscode/extensions/uqbar.wollok-lsp-ide-0.5.4/out/server/src/server.js:2398:8440\n    at /home/diego/.vscode/extensions/uqbar.wollok-lsp-ide-0.5.4/out/server/src/server.js:37:74872\n    at Ke (/home/diego/.vscode/extensions/uqbar.wollok-lsp-ide-0.5.4/out/server/src/server.js:7:8527)","timestamp":"2026-06-16T03:23:38.433Z"}
{"level":"info","message":"⌛ Building environment","timeElapsed":101,"timestamp":"2026-06-16T03:23:38.933Z"}
{"level":"error","message":"✘ Completions for node Return (undefined - ciudadFuturistaDiego.wlk) failed: Error: [Return]{323772} at ciudadFuturistaDiego.wlk:-- exhausted all cases without a match [Return]{323772} at ciudadFuturistaDiego.wlk:-- exhausted all cases without a match","stack":"Error: [Return]{323772} at ciudadFuturistaDiego.wlk:-- exhausted all cases without a match\n    at /home/diego/.vscode/extensions/uqbar.wollok-lsp-ide-0.5.4/out/server/src/server.js:38:6142\n    at L2 (/home/diego/.vscode/extensions/uqbar.wollok-lsp-ide-0.5.4/out/server/src/server.js:2389:42)\n    at Jh (/home/diego/.vscode/extensions/uqbar.wollok-lsp-ide-0.5.4/out/server/src/server.js:2389:1092)\n    at M5n (/home/diego/.vscode/extensions/uqbar.wollok-lsp-ide-0.5.4/out/server/src/server.js:2389:1248)\n    at /home/diego/.vscode/extensions/uqbar.wollok-lsp-ide-0.5.4/out/server/src/server.js:38:6131\n    at L2 (/home/diego/.vscode/extensions/uqbar.wollok-lsp-ide-0.5.4/out/server/src/server.js:2389:42)\n    at /home/diego/.vscode/extensions/uqbar.wollok-lsp-ide-0.5.4/out/server/src/server.js:2389:2988\n    at /home/diego/.vscode/extensions/uqbar.wollok-lsp-ide-0.5.4/out/server/src/server.js:2398:8440\n    at /home/diego/.vscode/extensions/uqbar.wollok-lsp-ide-0.5.4/out/server/src/server.js:37:74872\n    at Ke (/home/diego/.vscode/extensions/uqbar.wollok-lsp-ide-0.5.4/out/server/src/server.js:7:8527)","timestamp":"2026-06-16T03:23:39.687Z"}
{"level":"info","message":"⌛ Building environment","timeElapsed":107,"timestamp":"2026-06-16T03:23:41.561Z"}
{"level":"info","message":"⌛ Building environment","timeElapsed":142,"timestamp":"2026-06-16T03:23:45.057Z"}
{"level":"info","message":"⌛ Building environment","timeElapsed":110,"timestamp":"2026-06-16T03:24:01.604Z"}
{"level":"info","message":"⌛ Building environment","timeElapsed":121,"timestamp":"2026-06-16T03:25:06.163Z"}
{"level":"info","message":"⌛ Building environment","timeElapsed":121,"timestamp":"2026-06-16T03:25:06.624Z"}
{"level":"info","message":"⌛ Validating ciudadFuturistaDiego.wlk","timeElapsed":106,"timestamp":"2026-06-16T03:25:06.817Z"}
{"level":"info","message":"⌛ Validating ciudadFuturistaDiego.wlk","timeElapsed":102,"timestamp":"2026-06-16T03:25:21.851Z"}
{"level":"info","message":"⌛ Validating ciudadFuturistaDiego.wlk","timeElapsed":103,"timestamp":"2026-06-16T03:25:22.036Z"}
{"level":"error","message":"✘ Completions for node Send ([16:16, 16:60] - ciudadFuturistaDiego.wlk) failed: Error: [Send]{d262a6} at ciudadFuturistaDiego.wlk:16 exhausted all cases without a match [Send]{d262a6} at ciudadFuturistaDiego.wlk:16 exhausted all cases without a match","stack":"Error: [Send]{d262a6} at ciudadFuturistaDiego.wlk:16 exhausted all cases without a match\n    at /home/diego/.vscode/extensions/uqbar.wollok-lsp-ide-0.5.4/out/server/src/server.js:38:6142\n    at L2 (/home/diego/.vscode/extensions/uqbar.wollok-lsp-ide-0.5.4/out/server/src/server.js:2389:42)\n    at /home/diego/.vscode/extensions/uqbar.wollok-lsp-ide-0.5.4/out/server/src/server.js:2389:2988\n    at /home/diego/.vscode/extensions/uqbar.wollok-lsp-ide-0.5.4/out/server/src/server.js:2398:8440\n    at /home/diego/.vscode/extensions/uqbar.wollok-lsp-ide-0.5.4/out/server/src/server.js:37:74872\n    at Ke (/home/diego/.vscode/extensions/uqbar.wollok-lsp-ide-0.5.4/out/server/src/server.js:7:8527)\n    at Lt (/home/diego/.vscode/extensions/uqbar.wollok-lsp-ide-0.5.4/out/server/src/server.js:7:6189)\n    at ct (/home/diego/.vscode/extensions/uqbar.wollok-lsp-ide-0.5.4/out/server/src/server.js:7:6378)\n    at Immediate._onImmediate (/home/diego/.vscode/extensions/uqbar.wollok-lsp-ide-0.5.4/out/server/src/server.js:7:6142)\n    at process.processImmediate (node:internal/timers:504:21)","timestamp":"2026-06-16T03:26:41.792Z"}
{"level":"error","message":"✘ Completions for node Send ([16:16, 17:66] - ciudadFuturistaDiego.wlk) failed: Error: [Send]{b13b0d} at ciudadFuturistaDiego.wlk:16 exhausted all cases without a match [Send]{b13b0d} at ciudadFuturistaDiego.wlk:16 exhausted all cases without a match","stack":"Error: [Send]{b13b0d} at ciudadFuturistaDiego.wlk:16 exhausted all cases without a match\n    at /home/diego/.vscode/extensions/uqbar.wollok-lsp-ide-0.5.4/out/server/src/server.js:38:6142\n    at L2 (/home/diego/.vscode/extensions/uqbar.wollok-lsp-ide-0.5.4/out/server/src/server.js:2389:42)\n    at Jh (/home/diego/.vscode/extensions/uqbar.wollok-lsp-ide-0.5.4/out/server/src/server.js:2389:1092)\n    at L2 (/home/diego/.vscode/extensions/uqbar.wollok-lsp-ide-0.5.4/out/server/src/server.js:2389:544)\n    at /home/diego/.vscode/extensions/uqbar.wollok-lsp-ide-0.5.4/out/server/src/server.js:2389:2988\n    at /home/diego/.vscode/extensions/uqbar.wollok-lsp-ide-0.5.4/out/server/src/server.js:2398:8440\n    at /home/diego/.vscode/extensions/uqbar.wollok-lsp-ide-0.5.4/out/server/src/server.js:37:74872\n    at Ke (/home/diego/.vscode/extensions/uqbar.wollok-lsp-ide-0.5.4/out/server/src/server.js:7:8527)\n    at Lt (/home/diego/.vscode/extensions/uqbar.wollok-lsp-ide-0.5.4/out/server/src/server.js:7:6189)\n    at ct (/home/diego/.vscode/extensions/uqbar.wollok-lsp-ide-0.5.4/out/server/src/server.js:7:6378)","timestamp":"2026-06-16T03:26:41.792Z"}
{"level":"error","message":"✘ Completions for node Return ([16:9, 17:66] - ciudadFuturistaDiego.wlk) failed: Error: [Return]{653e63} at ciudadFuturistaDiego.wlk:16 exhausted all cases without a match [Return]{653e63} at ciudadFuturistaDiego.wlk:16 exhausted all cases without a match","stack":"Error: [Return]{653e63} at ciudadFuturistaDiego.wlk:16 exhausted all cases without a match\n    at /home/diego/.vscode/extensions/uqbar.wollok-lsp-ide-0.5.4/out/server/src/server.js:38:6142\n    at L2 (/home/diego/.vscode/extensions/uqbar.wollok-lsp-ide-0.5.4/out/server/src/server.js:2389:42)\n    at Jh (/home/diego/.vscode/extensions/uqbar.wollok-lsp-ide-0.5.4/out/server/src/server.js:2389:1092)\n    at L2 (/home/diego/.vscode/extensions/uqbar.wollok-lsp-ide-0.5.4/out/server/src/server.js:2389:544)\n    at Jh (/home/diego/.vscode/extensions/uqbar.wollok-lsp-ide-0.5.4/out/server/src/server.js:2389:1092)\n    at L2 (/home/diego/.vscode/extensions/uqbar.wollok-lsp-ide-0.5.4/out/server/src/server.js:2389:544)\n    at /home/diego/.vscode/extensions/uqbar.wollok-lsp-ide-0.5.4/out/server/src/server.js:2389:2988\n    at /home/diego/.vscode/extensions/uqbar.wollok-lsp-ide-0.5.4/out/server/src/server.js:2398:8440\n    at /home/diego/.vscode/extensions/uqbar.wollok-lsp-ide-0.5.4/out/server/src/server.js:37:74872\n    at Ke (/home/diego/.vscode/extensions/uqbar.wollok-lsp-ide-0.5.4/out/server/src/server.js:7:8527)","timestamp":"2026-06-16T03:26:41.792Z"}
{"level":"info","message":"⌛ Building environment","timeElapsed":126,"timestamp":"2026-06-16T03:29:04.715Z"}
{"level":"info","message":"⌛ Validating ciudadFuturistaDiego.wlk","timeElapsed":132,"timestamp":"2026-06-16T03:29:04.851Z"}
{"level":"info","message":"⌛ Building environment","timeElapsed":123,"timestamp":"2026-06-16T03:29:05.560Z"}
{"level":"info","message":"⌛ Validating ciudadFuturistaDiego.wlk","timeElapsed":102,"timestamp":"2026-06-16T03:29:05.993Z"}
{"level":"info","message":"⌛ Building environment","timeElapsed":106,"timestamp":"2026-06-16T03:29:16.148Z"}
{"level":"info","message":"⌛ Building environment","timeElapsed":123,"timestamp":"2026-06-16T03:29:23.381Z"}
{"level":"info","message":"⌛ Validating ciudadFuturistaYAHECHO.wtest","timeElapsed":142,"timestamp":"2026-06-16T03:29:23.544Z"}
